0 silly argv { _: [ 'version' ],
0 silly argv   progress: true,
0 silly argv   sort: true,
0 silly argv   ci: false,
0 silly argv   'commit-hooks': true,
0 silly argv   commitHooks: true,
0 silly argv   'git-tag-version': true,
0 silly argv   gitTagVersion: true,
0 silly argv   push: true,
0 silly argv   'skip-npm': true,
0 silly argv   skipNpm: true,
0 silly argv   m: 'update(ui-packages): update  to %s',
0 silly argv   message: 'update(ui-packages): update  to %s',
0 silly argv   loglevel: 'info',
0 silly argv   'git-remote': 'origin',
0 silly argv   gitRemote: 'origin',
0 silly argv   'tag-version-prefix': 'v',
0 silly argv   tagVersionPrefix: 'v',
0 silly argv   lernaVersion: '3.0.1',
0 silly argv   '$0': '/usr/local/bin/lerna' }
1 info version 3.0.1
2 verbose rootPath /Users/sublimeali/Desktop/lerna-test/sublime-ui-packages
3 info current version 1.0.0
4 silly isAnythingCommitted
5 verbose isAnythingCommitted 1
6 silly currentBranch
7 verbose currentBranch master
8 silly isBehindUpstream
9 silly isBehindUpstream master is behind origin/master by 0 commit(s) and ahead by 0
10 silly hasTags
11 verbose hasTags true
12 info Looking for changed packages since v1.0.0.
13 silly diffSinceIn v1.0.0 packages/sublime-ui-select-field-test
14 silly diff
15 silly diffSinceIn v1.0.0 packages/sublime-ui-select-field-test0
16 silly diff sublime-ui-packages/packages/sublime-ui-select-field-test0/package-lock.json
17 verbose updated sublime-ui-select-field-test0
18 silly gitAdd [ '/Users/sublimeali/Desktop/lerna-test/sublime-ui-packages/packages/sublime-ui-select-field-test0/package.json',
18 silly gitAdd   '/Users/sublimeali/Desktop/lerna-test/sublime-ui-packages/lerna.json' ]
19 silly gitCommit update(ui-packages): update  to v1.0.0
20 verbose git [ 'commit', '-m', 'update(ui-packages): update  to v1.0.0' ]
21 error Error: Command failed: git commit -m update(ui-packages): update  to v1.0.0
21 error On branch master
21 error Your branch is up-to-date with 'origin/master'.
21 error
21 error Changes not staged for commit:
21 error 	modified:   ../Makefile
21 error 	modified:   Makefile
21 error 	modified:   packages/sublime-ui-select-field-test0/package-lock.json
21 error
21 error Untracked files:
21 error 	libs/
21 error
21 error no changes added to commit
21 error
21 error     at makeError (/usr/local/lib/node_modules/lerna/node_modules/execa/index.js:172:9)
21 error     at Promise.all.then.arr (/usr/local/lib/node_modules/lerna/node_modules/execa/index.js:277:16)
21 error     at <anonymous>
